2018-04-05 10:05:35 [scrapy.utils.log] INFO: Scrapy 1.5.0 started (bot: xiaomi)
2018-04-05 10:05:35 [scrapy.utils.log] INFO: Versions: lxml 4.1.1.0, libxml2 2.9.7, cssselect 1.0.3, parsel 1.4.0, w3lib 1.19.0, Twisted 17.5.0, Python 3.6.4 |Anaconda, Inc.| (default, Jan 16 2018, 10:22:32) [MSC v.1900 64 bit (AMD64)], pyOpenSSL 17.5.0 (OpenSSL 1.0.2n  7 Dec 2017), cryptography 2.1.4, Platform Windows-10-10.0.16299-SP0
2018-04-05 10:05:35 [scrapy.crawler] INFO: Overridden settings: {'BOT_NAME': 'xiaomi', 'LOG_FILE': 'log/12306.log', 'NEWSPIDER_MODULE': 'xiaomi.spiders', 'ROBOTSTXT_OBEY': True, 'SPIDER_MODULES': ['xiaomi.spiders']}
2018-04-05 10:05:35 [scrapy.middleware] INFO: Enabled extensions:
['scrapy.extensions.corestats.CoreStats',
 'scrapy.extensions.telnet.TelnetConsole',
 'scrapy.extensions.logstats.LogStats']
2018-04-05 10:05:35 [scrapy.middleware] INFO: Enabled downloader middlewares:
['scrapy.downloadermiddlewares.robotstxt.RobotsTxtMiddleware',
 'scrapy.downloadermiddlewares.httpauth.HttpAuthMiddleware',
 'scrapy.downloadermiddlewares.downloadtimeout.DownloadTimeoutMiddleware',
 'scrapy.downloadermiddlewares.defaultheaders.DefaultHeadersMiddleware',
 'scrapy.downloadermiddlewares.useragent.UserAgentMiddleware',
 'scrapy.downloadermiddlewares.retry.RetryMiddleware',
 'scrapy.downloadermiddlewares.redirect.MetaRefreshMiddleware',
 'scrapy.downloadermiddlewares.httpcompression.HttpCompressionMiddleware',
 'scrapy.downloadermiddlewares.redirect.RedirectMiddleware',
 'scrapy.downloadermiddlewares.cookies.CookiesMiddleware',
 'scrapy.downloadermiddlewares.httpproxy.HttpProxyMiddleware',
 'scrapy.downloadermiddlewares.stats.DownloaderStats']
2018-04-05 10:05:35 [scrapy.middleware] INFO: Enabled spider middlewares:
['scrapy.spidermiddlewares.httperror.HttpErrorMiddleware',
 'scrapy.spidermiddlewares.offsite.OffsiteMiddleware',
 'scrapy.spidermiddlewares.referer.RefererMiddleware',
 'scrapy.spidermiddlewares.urllength.UrlLengthMiddleware',
 'scrapy.spidermiddlewares.depth.DepthMiddleware']
2018-04-05 10:05:35 [scrapy.middleware] INFO: Enabled item pipelines:
[]
2018-04-05 10:05:35 [scrapy.core.engine] INFO: Spider opened
2018-04-05 10:05:35 [scrapy.extensions.logstats] INFO: Crawled 0 pages (at 0 pages/min), scraped 0 items (at 0 items/min)
2018-04-05 10:05:35 [scrapy.extensions.telnet] DEBUG: Telnet console listening on 127.0.0.1:6023
2018-04-05 10:05:35 [scrapy.downloadermiddlewares.redirect] DEBUG: Redirecting (302) to <GET http://www.12306.cn/mormhweb/logFiles/error.html> from <GET http://www.12306.cn/robots.txt>
2018-04-05 10:05:35 [scrapy.core.engine] DEBUG: Crawled (200) <GET http://www.12306.cn/mormhweb/logFiles/error.html> (referer: None)
2018-04-05 10:05:35 [scrapy.core.engine] DEBUG: Crawled (200) <GET http://www.12306.cn/mormhweb/> (referer: None)
2018-04-05 10:05:35 [scrapy.downloadermiddlewares.redirect] DEBUG: Redirecting (302) to <GET http://www.12306.cn/mormhweb/logFiles/error.html> from <GET https://kyfw.12306.cn/robots.txt>
2018-04-05 10:05:35 [scrapy.core.engine] DEBUG: Crawled (200) <GET http://www.12306.cn/mormhweb/logFiles/error.html> (referer: None)
2018-04-05 10:05:35 [scrapy.core.engine] DEBUG: Crawled (200) <GET https://kyfw.12306.cn/passport/captcha/captcha-image?login_site=E&module=login&rand=sjrand&0.4588541084453469> (referer: http://www.12306.cn/mormhweb/)
2018-04-05 10:06:54 [scrapy.utils.log] INFO: Scrapy 1.5.0 started (bot: xiaomi)
2018-04-05 10:06:54 [scrapy.utils.log] INFO: Versions: lxml 4.1.1.0, libxml2 2.9.7, cssselect 1.0.3, parsel 1.4.0, w3lib 1.19.0, Twisted 17.5.0, Python 3.6.4 |Anaconda, Inc.| (default, Jan 16 2018, 10:22:32) [MSC v.1900 64 bit (AMD64)], pyOpenSSL 17.5.0 (OpenSSL 1.0.2n  7 Dec 2017), cryptography 2.1.4, Platform Windows-10-10.0.16299-SP0
2018-04-05 10:06:54 [scrapy.crawler] INFO: Overridden settings: {'BOT_NAME': 'xiaomi', 'LOG_FILE': 'log/12306.log', 'NEWSPIDER_MODULE': 'xiaomi.spiders', 'ROBOTSTXT_OBEY': True, 'SPIDER_MODULES': ['xiaomi.spiders']}
2018-04-05 10:06:54 [scrapy.middleware] INFO: Enabled extensions:
['scrapy.extensions.corestats.CoreStats',
 'scrapy.extensions.telnet.TelnetConsole',
 'scrapy.extensions.logstats.LogStats']
2018-04-05 10:06:54 [scrapy.middleware] INFO: Enabled downloader middlewares:
['scrapy.downloadermiddlewares.robotstxt.RobotsTxtMiddleware',
 'scrapy.downloadermiddlewares.httpauth.HttpAuthMiddleware',
 'scrapy.downloadermiddlewares.downloadtimeout.DownloadTimeoutMiddleware',
 'scrapy.downloadermiddlewares.defaultheaders.DefaultHeadersMiddleware',
 'scrapy.downloadermiddlewares.useragent.UserAgentMiddleware',
 'scrapy.downloadermiddlewares.retry.RetryMiddleware',
 'scrapy.downloadermiddlewares.redirect.MetaRefreshMiddleware',
 'scrapy.downloadermiddlewares.httpcompression.HttpCompressionMiddleware',
 'scrapy.downloadermiddlewares.redirect.RedirectMiddleware',
 'scrapy.downloadermiddlewares.cookies.CookiesMiddleware',
 'scrapy.downloadermiddlewares.httpproxy.HttpProxyMiddleware',
 'scrapy.downloadermiddlewares.stats.DownloaderStats']
2018-04-05 10:06:54 [scrapy.middleware] INFO: Enabled spider middlewares:
['scrapy.spidermiddlewares.httperror.HttpErrorMiddleware',
 'scrapy.spidermiddlewares.offsite.OffsiteMiddleware',
 'scrapy.spidermiddlewares.referer.RefererMiddleware',
 'scrapy.spidermiddlewares.urllength.UrlLengthMiddleware',
 'scrapy.spidermiddlewares.depth.DepthMiddleware']
2018-04-05 10:06:54 [scrapy.middleware] INFO: Enabled item pipelines:
[]
2018-04-05 10:06:54 [scrapy.core.engine] INFO: Spider opened
2018-04-05 10:06:54 [scrapy.extensions.logstats] INFO: Crawled 0 pages (at 0 pages/min), scraped 0 items (at 0 items/min)
2018-04-05 10:06:54 [scrapy.extensions.telnet] DEBUG: Telnet console listening on 127.0.0.1:6023
2018-04-05 10:06:54 [scrapy.downloadermiddlewares.redirect] DEBUG: Redirecting (302) to <GET http://www.12306.cn/mormhweb/logFiles/error.html> from <GET http://www.12306.cn/robots.txt>
2018-04-05 10:06:54 [scrapy.core.engine] DEBUG: Crawled (200) <GET http://www.12306.cn/mormhweb/logFiles/error.html> (referer: None)
2018-04-05 10:06:54 [scrapy.core.engine] DEBUG: Crawled (200) <GET http://www.12306.cn/mormhweb/> (referer: None)
2018-04-05 10:06:55 [scrapy.downloadermiddlewares.redirect] DEBUG: Redirecting (302) to <GET http://www.12306.cn/mormhweb/logFiles/error.html> from <GET https://kyfw.12306.cn/robots.txt>
2018-04-05 10:06:55 [scrapy.core.engine] DEBUG: Crawled (200) <GET http://www.12306.cn/mormhweb/logFiles/error.html> (referer: None)
2018-04-05 10:06:55 [scrapy.core.engine] DEBUG: Crawled (200) <GET https://kyfw.12306.cn/passport/captcha/captcha-image?login_site=E&module=login&rand=sjrand&0.5039216210534031> (referer: http://www.12306.cn/mormhweb/)
2018-04-05 10:07:02 [scrapy.crawler] INFO: Received SIGINT, shutting down gracefully. Send again to force 
2018-04-05 10:07:02 [scrapy.core.scraper] ERROR: Spider error processing <GET https://kyfw.12306.cn/passport/captcha/captcha-image?login_site=E&module=login&rand=sjrand&0.5039216210534031> (referer: http://www.12306.cn/mormhweb/)
Traceback (most recent call last):
  File "site-packages\twisted\internet\defer.py", line 653, in _runCallbacks
  File "F:\Githouse\12306-scrapy\xiaomi\spiders\xiaomi.py", line 95, in code_submit
    position = input("请输入验证码位置:").split(',')
EOFError
2018-04-05 10:07:02 [scrapy.core.engine] INFO: Closing spider (shutdown)
2018-04-05 10:07:02 [scrapy.statscollectors] INFO: Dumping Scrapy stats:
{'downloader/request_bytes': 1556,
 'downloader/request_count': 6,
 'downloader/request_method_count/GET': 6,
 'downloader/response_bytes': 51294,
 'downloader/response_count': 6,
 'downloader/response_status_count/200': 4,
 'downloader/response_status_count/302': 2,
 'finish_reason': 'shutdown',
 'finish_time': datetime.datetime(2018, 4, 5, 2, 7, 2, 350516),
 'log_count/DEBUG': 7,
 'log_count/ERROR': 1,
 'log_count/INFO': 8,
 'request_depth_max': 1,
 'response_received_count': 4,
 'scheduler/dequeued': 2,
 'scheduler/dequeued/memory': 2,
 'scheduler/enqueued': 2,
 'scheduler/enqueued/memory': 2,
 'spider_exceptions/EOFError': 1,
 'start_time': datetime.datetime(2018, 4, 5, 2, 6, 54, 814044)}
2018-04-05 10:07:02 [scrapy.core.engine] INFO: Spider closed (shutdown)
